Wed Oct 14 08:48:26 BRT 2015 : Apache Derby Servidor de Rede - 10.10.2.0 - (1582446) iniciado e pronto para aceitar conexões na porta 1527 em {3}
----------------------------------------------------------------
Wed Oct 14 08:48:26 BRT 2015:
 Inicializando o Derby versão The Apache Software Foundation - Apache Derby - 10.10.2.0 - (1582446): instância a816c00e-0150-662e-10ec-00007f378e30
no diretório de banco de dados C:\Temp\cacique\ProjetoCinema\ProjetoCinema\db\cinemaDB 

java.vendor=Oracle Corporation
java.runtime.version=1.8.0_40-b26
user.dir=C:\Program Files\GlassFish_Server\javadb
os.name=Windows 7
os.arch=amd64
os.version=6.1
derby.system.home=C:\Temp\cacique\ProjetoCinema\ProjetoCinema\db
Carregador de classe do banco de dados iniciado - derby.database.classpath=''
----------------------------------------------------------------
Wed Oct 14 08:48:39 BRT 2015:
Encerrando a instância a816c00e-0150-662e-10ec-00007f378e30
Wed Oct 14 08:48:39 BRT 2015 Thread[DRDAConnThread_3,5,main] (DATABASE = cinemaDB), (DRDAID = {2}), Banco de dados 'cinemaDB' fechado.
----------------------------------------------------------------
Wed Oct 14 08:48:44 BRT 2015:
 Inicializando o Derby versão The Apache Software Foundation - Apache Derby - 10.10.2.0 - (1582446): instância 560740aa-0150-662e-10ec-00007f378e30
no diretório de banco de dados C:\Temp\cacique\ProjetoCinema\ProjetoCinema\db\cinemaDB 

java.vendor=Oracle Corporation
java.runtime.version=1.8.0_40-b26
user.dir=C:\Program Files\GlassFish_Server\javadb
os.name=Windows 7
os.arch=amd64
os.version=6.1
derby.system.home=C:\Temp\cacique\ProjetoCinema\ProjetoCinema\db
Carregador de classe do banco de dados iniciado - derby.database.classpath=''
